[debug] [2020-11-12T02:12:55.163Z] ----------------------------------------------------------------------
[debug] [2020-11-12T02:12:55.165Z] Command:       C:\Program Files\nodejs\node.exe C:\Users\Valencia\AppData\Roaming\npm\node_modules\firebase-tools\lib\bin\firebase.js init
[debug] [2020-11-12T02:12:55.165Z] CLI Version:   8.15.1
[debug] [2020-11-12T02:12:55.165Z] Platform:      win32
[debug] [2020-11-12T02:12:55.165Z] Node Version:  v12.18.3
[debug] [2020-11-12T02:12:55.166Z] Time:          Wed Nov 11 2020 20:12:55 GMT-0600 (GMT-06:00)
[debug] [2020-11-12T02:12:55.166Z] ----------------------------------------------------------------------
[debug] [2020-11-12T02:12:55.166Z] 
[debug] [2020-11-12T02:12:55.171Z] > command requires scopes: ["email","openid","https://www.googleapis.com/auth/cloudplatformprojects.readonly","https://www.googleapis.com/auth/firebase","https://www.googleapis.com/auth/cloud-platform"]
[debug] [2020-11-12T02:12:55.172Z] > authorizing via signed-in user
[info] 
     ######## #### ########  ######## ########     ###     ######  ########
     ##        ##  ##     ## ##       ##     ##  ##   ##  ##       ##
     ######    ##  ########  ######   ########  #########  ######  ######
     ##        ##  ##    ##  ##       ##     ## ##     ##       ## ##
     ##       #### ##     ## ######## ########  ##     ##  ######  ########

You're about to initialize a Firebase project in this directory:

  C:\Users\Valencia\Desafio3_DPS

Before we get started, keep in mind:

  * You are initializing in an existing Firebase project directory

[info] 
=== Project Setup
[info] 
[info] First, let's associate this project directory with a Firebase project.
[info] You can create multiple project aliases by running firebase use --add, 
[info] but for now we'll just set up a default project.
[info] 
[info] i  .firebaserc already has a default project, using authreactfirebase-bee3c. 
[debug] [2020-11-12T02:14:17.705Z] >>> HTTP REQUEST GET https://firebase.googleapis.com/v1beta1/projects/authreactfirebase-bee3c  
 
[debug] [2020-11-12T02:14:19.153Z] <<< HTTP RESPONSE 200 {"content-type":"application/json; charset=UTF-8","vary":"X-Origin, Referer, Origin,Accept-Encoding","date":"Thu, 12 Nov 2020 02:14:20 GMT","server":"ESF","cache-control":"private","x-xss-protection":"0","x-frame-options":"SAMEORIGIN","x-content-type-options":"nosniff","alt-svc":"h3-Q050=\":443\"; ma=2592000,h3-29=\":443\"; ma=2592000,h3-T051=\":443\"; ma=2592000,h3-T050=\":443\"; ma=2592000,h3-Q046=\":443\"; ma=2592000,h3-Q043=\":443\"; ma=2592000,quic=\":443\"; ma=2592000; v=\"46,43\"","accept-ranges":"none","transfer-encoding":"chunked"}
[info] 
=== Database Setup
[info] 
[info] Firebase Realtime Database Rules allow you to define how your data should be
[info] structured and when your data can be read from and written to.
[info] 
[debug] [2020-11-12T02:14:54.017Z] ----------------------------------------------------------------------
[debug] [2020-11-12T02:14:54.019Z] Command:       C:\Program Files\nodejs\node.exe C:\Users\Valencia\AppData\Roaming\npm\node_modules\firebase-tools\lib\bin\firebase.js init
[debug] [2020-11-12T02:14:54.019Z] CLI Version:   8.15.1
[debug] [2020-11-12T02:14:54.019Z] Platform:      win32
[debug] [2020-11-12T02:14:54.019Z] Node Version:  v12.18.3
[debug] [2020-11-12T02:14:54.020Z] Time:          Wed Nov 11 2020 20:14:54 GMT-0600 (GMT-06:00)
[debug] [2020-11-12T02:14:54.020Z] ----------------------------------------------------------------------
[debug] [2020-11-12T02:14:54.020Z] 
[debug] [2020-11-12T02:14:54.025Z] > command requires scopes: ["email","openid","https://www.googleapis.com/auth/cloudplatformprojects.readonly","https://www.googleapis.com/auth/firebase","https://www.googleapis.com/auth/cloud-platform"]
[debug] [2020-11-12T02:14:54.025Z] > authorizing via signed-in user
[info] 
     ######## #### ########  ######## ########     ###     ######  ########
     ##        ##  ##     ## ##       ##     ##  ##   ##  ##       ##
     ######    ##  ########  ######   ########  #########  ######  ######
     ##        ##  ##    ##  ##       ##     ## ##     ##       ## ##
     ##       #### ##     ## ######## ########  ##     ##  ######  ########

You're about to initialize a Firebase project in this directory:

  C:\Users\Valencia\Desafio3_DPS

Before we get started, keep in mind:

  * You are initializing in an existing Firebase project directory

